<?xml version="1.0" encoding="UTF-8"?>
<!-- Generated by org.testng.reporters.JUnitXMLReporter -->
<testsuite ignored="0" hostname="DESKTOP-9NRIQ1G" failures="0" tests="5" name="Test2" time="8.543" errors="0" timestamp="2024-02-27T17:59:53 IST">
  <testcase classname="com.pumo.utilityclass.Baseclass" name="@BeforeClass initialize" time="8.467">
    <failure type="org.openqa.selenium.NoSuchWindowException" message="no such window: target window already closed
from unknown error: web view not found
  (Session info: MicrosoftEdge=122.0.2365.52)
Build info: version: &amp;apos;4.16.1&amp;apos;, revision: &amp;apos;9b4c83354e&amp;apos;
System info: os.name: &amp;apos;Windows 10&amp;apos;, os.arch: &amp;apos;amd64&amp;apos;, os.version: &amp;apos;10.0&amp;apos;, java.version: &amp;apos;17.0.9&amp;apos;
Driver info: org.openqa.selenium.edge.EdgeDriver
Command: [fd441a750db4b376c71cc9c59ce15d40, maximizeCurrentWindow {}]
Capabilities {acceptInsecureCerts: false, browserName: MicrosoftEdge, browserVersion: 122.0.2365.52, fedcm:accounts: true, ms:edgeOptions: {debuggerAddress: localhost:64647}, msedge: {msedgedriverVersion: 121.0.2277.112 (c44bb51ada3..., userDataDir: C:\Users\POOJA\AppData\Loca...}, networkConnectionEnabled: false, pageLoadStrategy: normal, platformName: windows, proxy: Proxy(), se:cdp: ws://localhost:64647/devtoo..., se:cdpVersion: 122.0.2365.52, setWindowRect: true, strictFileInteractability: false, timeouts: {implicit: 0, pageLoad: 300000, script: 30000}, unhandledPromptBehavior: dismiss and notify, webauthn:extension:credBlob: true, webauthn:extension:largeBlob: true, webauthn:extension:minPinLength: true, webauthn:extension:prf: true, webauthn:virtualAuthenticators: true}
Session ID: fd441a750db4b376c71cc9c59ce15d40">
      <![CDATA[org.openqa.selenium.NoSuchWindowException: no such window: target window already closed
from unknown error: web view not found
  (Session info: MicrosoftEdge=122.0.2365.52)
Build info: version: '4.16.1', revision: '9b4c83354e'
System info: os.name: 'Windows 10', os.arch: 'amd64', os.version: '10.0', java.version: '17.0.9'
Driver info: org.openqa.selenium.edge.EdgeDriver
Command: [fd441a750db4b376c71cc9c59ce15d40, maximizeCurrentWindow {}]
Capabilities {acceptInsecureCerts: false, browserName: MicrosoftEdge, browserVersion: 122.0.2365.52, fedcm:accounts: true, ms:edgeOptions: {debuggerAddress: localhost:64647}, msedge: {msedgedriverVersion: 121.0.2277.112 (c44bb51ada3..., userDataDir: C:\Users\POOJA\AppData\Loca...}, networkConnectionEnabled: false, pageLoadStrategy: normal, platformName: windows, proxy: Proxy(), se:cdp: ws://localhost:64647/devtoo..., se:cdpVersion: 122.0.2365.52, setWindowRect: true, strictFileInteractability: false, timeouts: {implicit: 0, pageLoad: 300000, script: 30000}, unhandledPromptBehavior: dismiss and notify, webauthn:extension:credBlob: true, webauthn:extension:largeBlob: true, webauthn:extension:minPinLength: true, webauthn:extension:prf: true, webauthn:virtualAuthenticators: true}
Session ID: fd441a750db4b376c71cc9c59ce15d40
at org.openqa.selenium.remote.codec.w3c.W3CHttpResponseCodec.createException(W3CHttpResponseCodec.java:200)
at org.openqa.selenium.remote.codec.w3c.W3CHttpResponseCodec.decode(W3CHttpResponseCodec.java:133)
at org.openqa.selenium.remote.codec.w3c.W3CHttpResponseCodec.decode(W3CHttpResponseCodec.java:52)
at org.openqa.selenium.remote.HttpCommandExecutor.execute(HttpCommandExecutor.java:191)
at org.openqa.selenium.remote.service.DriverCommandExecutor.invokeExecute(DriverCommandExecutor.java:200)
at org.openqa.selenium.remote.service.DriverCommandExecutor.execute(DriverCommandExecutor.java:175)
at org.openqa.selenium.remote.RemoteWebDriver.execute(RemoteWebDriver.java:523)
at org.openqa.selenium.remote.RemoteWebDriver.execute(RemoteWebDriver.java:596)
at org.openqa.selenium.remote.RemoteWebDriver.execute(RemoteWebDriver.java:600)
at org.openqa.selenium.remote.RemoteWebDriver$RemoteWebDriverOptions$RemoteWindow.maximize(RemoteWebDriver.java:1039)
at com.pumo.utilityclass.Baseclass.initialize(Baseclass.java:54)
at java.base/java.util.ArrayList.forEach(ArrayList.java:1511)
... Removed 34 stack frames]]>
    </failure>
  </testcase> <!-- @BeforeClass initialize -->
  <testcase classname="com.pumo.testclass.HomepageTest" name="@BeforeMethod login" time="-1.709036993119E9">
    <skipped/>
  </testcase> <!-- @BeforeMethod login -->
  <testcase classname="com.pumo.testclass.HomepageTest" name="@AfterMethod logout" time="-1.709036993122E9">
    <skipped/>
  </testcase> <!-- @AfterMethod logout -->
  <testcase classname="com.pumo.testclass.HomepageTest" name="@BeforeMethod login" time="-1.709036993123E9">
    <skipped/>
  </testcase> <!-- @BeforeMethod login -->
  <testcase classname="com.pumo.testclass.HomepageTest" name="@AfterMethod logout" time="-1.70903699318E9">
    <skipped/>
  </testcase> <!-- @AfterMethod logout -->
  <testcase classname="com.pumo.testclass.HomepageTest" name="@BeforeMethod login" time="-1.709036993181E9">
    <skipped/>
  </testcase> <!-- @BeforeMethod login -->
  <testcase classname="com.pumo.testclass.HomepageTest" name="@AfterMethod logout" time="-1.709036993183E9">
    <skipped/>
  </testcase> <!-- @AfterMethod logout -->
  <testcase classname="com.pumo.testclass.HomepageTest" name="@BeforeMethod login" time="-1.709036993184E9">
    <skipped/>
  </testcase> <!-- @BeforeMethod login -->
  <testcase classname="com.pumo.testclass.HomepageTest" name="@AfterMethod logout" time="-1.709036993186E9">
    <skipped/>
  </testcase> <!-- @AfterMethod logout -->
  <testcase classname="com.pumo.testclass.HomepageTest" name="@BeforeMethod login" time="-1.709036993187E9">
    <skipped/>
  </testcase> <!-- @BeforeMethod login -->
  <testcase classname="com.pumo.testclass.HomepageTest" name="@AfterMethod logout" time="-1.709036993189E9">
    <skipped/>
  </testcase> <!-- @AfterMethod logout -->
  <testcase classname="com.pumo.utilityclass.Baseclass" name="@AfterClass CloseBrowser" time="-1.709036993189E9">
    <skipped/>
  </testcase> <!-- @AfterClass CloseBrowser -->
  <testcase classname="com.pumo.testclass.HomepageTest" name="Verify_Search_btn" time="0.0">
    <skipped/>
  </testcase> <!-- Verify_Search_btn -->
  <testcase classname="com.pumo.testclass.HomepageTest" name="Verify_Wishlist" time="0.0">
    <skipped/>
  </testcase> <!-- Verify_Wishlist -->
  <testcase classname="com.pumo.testclass.HomepageTest" name="Verifylogo" time="0.0">
    <skipped/>
  </testcase> <!-- Verifylogo -->
  <testcase classname="com.pumo.testclass.HomepageTest" name="verifyMobileno" time="0.0">
    <skipped/>
  </testcase> <!-- verifyMobileno -->
  <testcase classname="com.pumo.testclass.HomepageTest" name="VerifyEmailid" time="0.0">
    <skipped/>
  </testcase> <!-- VerifyEmailid -->
</testsuite> <!-- Test2 -->
